Added Component: Designator=*1(SOT23-123)
Add component. Clean all parameters for all variants
Added Component: Designator=*2(SOT23-123)
Add component. Clean all parameters for all variants
Added Component: Designator=*3(LOXO_433_NGANG)
Add component. Clean all parameters for all variants
Added Component: Designator=*TP1(TP)
Add component. Clean all parameters for all variants
Added Component: Designator=*TP2(TP)
Add component. Clean all parameters for all variants
Added Component: Designator=B1(SOT65P280X100-8N)
Add component. Clean all parameters for all variants
Add component (AddParameter): Name = "Arrow Part Number"; Value = "MP2315GJ-Z"; VariantName = "[No Variations]"
Add component (AddParameter): Name = "Arrow Price/Stock"; Value = ""; VariantName = "[No Variations]"
Add component (AddParameter): Name = "Datasheet Link"; Value = "https://componentsearchengine.com/Datasheets/1/MP2315GJ-Z.pdf"; VariantName = "[No Variations]"
Add component (AddParameter): Name = "Geometry.Height"; Value = "1mm"; VariantName = "[No Variations]"
Add component (AddParameter): Name = "Manufacturer_Name"; Value = "Monolithic Power Systems (MPS)"; VariantName = "[No Variations]"
Add component (AddParameter): Name = "Manufacturer_Part_Number"; Value = "MP2315GJ-Z"; VariantName = "[No Variations]"
Add component (AddParameter): Name = "RS Part Number"; Value = ""; VariantName = "[No Variations]"
Add component (AddParameter): Name = "RS Price/Stock"; Value = ""; VariantName = "[No Variations]"
Added Component: Designator=C1(SM-0805)
Add component. Clean all parameters for all variants
Add component (AddParameter): Name = "Value"; Value = "103"; VariantName = "[No Variations]"
Added Component: Designator=C2(SM-0805)
Add component. Clean all parameters for all variants
Add component (AddParameter): Name = "Value"; Value = "103"; VariantName = "[No Variations]"
Added Component: Designator=C3(CAP-ALU-SMD-6.3x7.7x2.2)
Add component. Clean all parameters for all variants
Add component (AddParameter): Name = "LatestRevisionDate"; Value = "17-Jul-2002"; VariantName = "[No Variations]"
Add component (AddParameter): Name = "LatestRevisionNote"; Value = "Re-released for DXP Platform."; VariantName = "[No Variations]"
Add component (AddParameter): Name = "PackageReference"; Value = "POLAR0.8"; VariantName = "[No Variations]"
Add component (AddParameter): Name = "Published"; Value = "8-Jun-2000"; VariantName = "[No Variations]"
Add component (AddParameter): Name = "Publisher"; Value = "Altium Limited"; VariantName = "[No Variations]"
Added Component: Designator=C4(SM-0805)
Add component. Clean all parameters for all variants
Add component (AddParameter): Name = "Value"; Value = "103"; VariantName = "[No Variations]"
Added Component: Designator=C5(SM-0805)
Add component. Clean all parameters for all variants
Add component (AddParameter): Name = "Value"; Value = "103"; VariantName = "[No Variations]"
Added Component: Designator=C6(CAP-ALU-SMD-6.3x7.7x2.2)
Add component. Clean all parameters for all variants
Add component (AddParameter): Name = "LatestRevisionDate"; Value = "17-Jul-2002"; VariantName = "[No Variations]"
Add component (AddParameter): Name = "LatestRevisionNote"; Value = "Re-released for DXP Platform."; VariantName = "[No Variations]"
Add component (AddParameter): Name = "PackageReference"; Value = "POLAR0.8"; VariantName = "[No Variations]"
Add component (AddParameter): Name = "Published"; Value = "8-Jun-2000"; VariantName = "[No Variations]"
Add component (AddParameter): Name = "Publisher"; Value = "Altium Limited"; VariantName = "[No Variations]"
Added Component: Designator=C7(CAP-ALU-SMD-6.3x7.7x2.2)
Add component. Clean all parameters for all variants
Add component (AddParameter): Name = "LatestRevisionDate"; Value = "17-Jul-2002"; VariantName = "[No Variations]"
Add component (AddParameter): Name = "LatestRevisionNote"; Value = "Re-released for DXP Platform."; VariantName = "[No Variations]"
Add component (AddParameter): Name = "PackageReference"; Value = "POLAR0.8"; VariantName = "[No Variations]"
Add component (AddParameter): Name = "Published"; Value = "8-Jun-2000"; VariantName = "[No Variations]"
Add component (AddParameter): Name = "Publisher"; Value = "Altium Limited"; VariantName = "[No Variations]"
Added Component: Designator=C8(SM-0805)
Add component. Clean all parameters for all variants
Add component (AddParameter): Name = "Value"; Value = "103"; VariantName = "[No Variations]"
Added Component: Designator=C9(JP4-C1T)
Add component. Clean all parameters for all variants
Add component (AddParameter): Name = "ComponentLink1 Description"; Value = "Manufacturer"; VariantName = "[No Variations]"
Add component (AddParameter): Name = "ComponentLink1URL"; Value = "http://www.we-online.com"; VariantName = "[No Variations]"
Add component (AddParameter): Name = "ComponentLink2 Description"; Value = "Datasheet"; VariantName = "[No Variations]"
Add component (AddParameter): Name = "ComponentLink2URL"; Value = "http://katalog.we-online.de/em/datasheet/6130xx143121.pdf"; VariantName = "[No Variations]"
Add component (AddParameter): Name = "Created by"; Value = "Karrer Zheng"; VariantName = "[No Variations]"
Add component (AddParameter): Name = "Created Date"; Value = "29 March 2013"; VariantName = "[No Variations]"
Add component (AddParameter): Name = "Manufacturer"; Value = "W¨¹rth Elektronik eiSos GmbH"; VariantName = "[No Variations]"
Add component (AddParameter): Name = "NoPins"; Value = "04"; VariantName = "[No Variations]"
Add component (AddParameter): Name = "partNo"; Value = "613004143121"; VariantName = "[No Variations]"
Added Component: Designator=C10(SM-0805)
Add component. Clean all parameters for all variants
Add component (AddParameter): Name = "Value"; Value = "103"; VariantName = "[No Variations]"
Added Component: Designator=C11(SM-0805)
Add component. Clean all parameters for all variants
Add component (AddParameter): Name = "Value"; Value = "103"; VariantName = "[No Variations]"
Added Component: Designator=C12(SM-0805)
Add component. Clean all parameters for all variants
Add component (AddParameter): Name = "Value"; Value = "103"; VariantName = "[No Variations]"
Added Component: Designator=C13(SM-0805)
Add component. Clean all parameters for all variants
Add component (AddParameter): Name = "Value"; Value = "103"; VariantName = "[No Variations]"
Added Component: Designator=C14(SM-0805)
Add component. Clean all parameters for all variants
Add component (AddParameter): Name = "Value"; Value = "103"; VariantName = "[No Variations]"
Added Component: Designator=C15(SM-0805)
Add component. Clean all parameters for all variants
Add component (AddParameter): Name = "Value"; Value = "103"; VariantName = "[No Variations]"
Added Component: Designator=C16(SM-0805)
Add component. Clean all parameters for all variants
Add component (AddParameter): Name = "Value"; Value = "103"; VariantName = "[No Variations]"
Added Component: Designator=C17(JP8-D2T)
Add component. Clean all parameters for all variants
Add component (AddParameter): Name = "ComponentLink1 Description"; Value = "Manufacturer"; VariantName = "[No Variations]"
Add component (AddParameter): Name = "ComponentLink1URL"; Value = "http://www.we-online.com"; VariantName = "[No Variations]"
Add component (AddParameter): Name = "ComponentLink2 Description"; Value = "Datasheet"; VariantName = "[No Variations]"
Add component (AddParameter): Name = "ComponentLink2URL"; Value = "http://katalog.we-online.de/em/datasheet/6130xx21821.pdf"; VariantName = "[No Variations]"
Add component (AddParameter): Name = "Created by"; Value = "Karrer Zheng"; VariantName = "[No Variations]"
Add component (AddParameter): Name = "Created Date"; Value = "29 March 2013"; VariantName = "[No Variations]"
Add component (AddParameter): Name = "Manufacturer"; Value = "W¨¹rth Elektronik eiSos GmbH"; VariantName = "[No Variations]"
Add component (AddParameter): Name = "NoPins"; Value = "16"; VariantName = "[No Variations]"
Add component (AddParameter): Name = "partNo"; Value = "61301621821"; VariantName = "[No Variations]"
Added Component: Designator=C18(SM-0805)
Add component. Clean all parameters for all variants
Add component (AddParameter): Name = "Value"; Value = "103"; VariantName = "[No Variations]"
Added Component: Designator=C19(SM-0805)
Add component. Clean all parameters for all variants
Add component (AddParameter): Name = "Value"; Value = "103"; VariantName = "[No Variations]"
Added Component: Designator=C20(SM-0805)
Add component. Clean all parameters for all variants
Add component (AddParameter): Name = "Value"; Value = "103"; VariantName = "[No Variations]"
Added Component: Designator=C21(CAP-ALU-SMD-6.3x7.7x2.2)
Add component. Clean all parameters for all variants
Add component (AddParameter): Name = "LatestRevisionDate"; Value = "17-Jul-2002"; VariantName = "[No Variations]"
Add component (AddParameter): Name = "LatestRevisionNote"; Value = "Re-released for DXP Platform."; VariantName = "[No Variations]"
Add component (AddParameter): Name = "PackageReference"; Value = "POLAR0.8"; VariantName = "[No Variations]"
Add component (AddParameter): Name = "Published"; Value = "8-Jun-2000"; VariantName = "[No Variations]"
Add component (AddParameter): Name = "Publisher"; Value = "Altium Limited"; VariantName = "[No Variations]"
Added Component: Designator=C22(JP4-C1T)
Add component. Clean all parameters for all variants
Add component (AddParameter): Name = "ComponentLink1 Description"; Value = "Manufacturer"; VariantName = "[No Variations]"
Add component (AddParameter): Name = "ComponentLink1URL"; Value = "http://www.we-online.com"; VariantName = "[No Variations]"
Add component (AddParameter): Name = "ComponentLink2 Description"; Value = "Datasheet"; VariantName = "[No Variations]"
Add component (AddParameter): Name = "ComponentLink2URL"; Value = "http://katalog.we-online.de/em/datasheet/6130xx143121.pdf"; VariantName = "[No Variations]"
Add component (AddParameter): Name = "Created by"; Value = "Karrer Zheng"; VariantName = "[No Variations]"
Add component (AddParameter): Name = "Created Date"; Value = "29 March 2013"; VariantName = "[No Variations]"
Add component (AddParameter): Name = "Manufacturer"; Value = "W¨¹rth Elektronik eiSos GmbH"; VariantName = "[No Variations]"
Add component (AddParameter): Name = "NoPins"; Value = "04"; VariantName = "[No Variations]"
Add component (AddParameter): Name = "partNo"; Value = "613004143121"; VariantName = "[No Variations]"
Added Component: Designator=C23(SM-0805)
Add component. Clean all parameters for all variants
Add component (AddParameter): Name = "Value"; Value = "103"; VariantName = "[No Variations]"
Added Component: Designator=C24(SM-0805)
Add component. Clean all parameters for all variants
Add component (AddParameter): Name = "Value"; Value = "103"; VariantName = "[No Variations]"
Added Component: Designator=C25(SM-0805)
Add component. Clean all parameters for all variants
Add component (AddParameter): Name = "Value"; Value = "103"; VariantName = "[No Variations]"
Added Component: Designator=C26(SM-0805)
Add component. Clean all parameters for all variants
Add component (AddParameter): Name = "Value"; Value = "103"; VariantName = "[No Variations]"
Added Component: Designator=C27(SM-0805)
Add component. Clean all parameters for all variants
Add component (AddParameter): Name = "Value"; Value = "103"; VariantName = "[No Variations]"
Added Component: Designator=C28(SM-0805)
Add component. Clean all parameters for all variants
Add component (AddParameter): Name = "Value"; Value = "103"; VariantName = "[No Variations]"
Added Component: Designator=C29(SM-0805)
Add component. Clean all parameters for all variants
Add component (AddParameter): Name = "Value"; Value = "103"; VariantName = "[No Variations]"
Added Component: Designator=C30(SM-0805)
Add component. Clean all parameters for all variants
Add component (AddParameter): Name = "Value"; Value = "103"; VariantName = "[No Variations]"
Added Component: Designator=C31(SM-0805)
Add component. Clean all parameters for all variants
Add component (AddParameter): Name = "Value"; Value = "103"; VariantName = "[No Variations]"
Added Component: Designator=C32(SM-0805)
Add component. Clean all parameters for all variants
Add component (AddParameter): Name = "Value"; Value = "103"; VariantName = "[No Variations]"
Added Component: Designator=C33(SM-0805)
Add component. Clean all parameters for all variants
Add component (AddParameter): Name = "Value"; Value = "103"; VariantName = "[No Variations]"
Added Component: Designator=D1(SOD123)
Add component. Clean all parameters for all variants
Added Component: Designator=D2(DIO-SMD-123)
Add component. Clean all parameters for all variants
Added Component: Designator=D3(DIO-SMD-123)
Add component. Clean all parameters for all variants
Added Component: Designator=D4(DIO-SMD-123)
Add component. Clean all parameters for all variants
Added Component: Designator=D5(SOD123)
Add component. Clean all parameters for all variants
Added Component: Designator=D6(DIO-SMD-106)
Add component. Clean all parameters for all variants
Added Component: Designator=D7(DIO-SMD-106)
Add component. Clean all parameters for all variants
Added Component: Designator=D8(DIO 4S4P1414H)
Add component. Clean all parameters for all variants
Added Component: Designator=D9(DIO-SMD-106)
Add component. Clean all parameters for all variants
Added Component: Designator=D10(DIO 4S4P1414H)
Add component. Clean all parameters for all variants
Added Component: Designator=D11(DIO-SMD-106)
Add component. Clean all parameters for all variants
Added Component: Designator=D12(DIO 4S4P1414H)
Add component. Clean all parameters for all variants
Added Component: Designator=D13(SOD123)
Add component. Clean all parameters for all variants
Added Component: Designator=DZ1(SOD123)
Add component. Clean all parameters for all variants
Added Component: Designator=DZ2(DIO-SMD-123)
Add component. Clean all parameters for all variants
Added Component: Designator=DZ3(SOD123)
Add component. Clean all parameters for all variants
Added Component: Designator=DZ4(SOD123)
Add component. Clean all parameters for all variants
Added Component: Designator=DZ5(SOD123)
Add component. Clean all parameters for all variants
Added Component: Designator=DZ6(SOD123)
Add component. Clean all parameters for all variants
Added Component: Designator=L1(IND 4532-2P)
Add component. Clean all parameters for all variants
Added Component: Designator=L2(FER 0805/2012)
Add component. Clean all parameters for all variants
Add component (AddParameter): Name = "Value"; Value = "1.5uH"; VariantName = "[No Variations]"
Added Component: Designator=L3(FER 0805/2012)
Add component. Clean all parameters for all variants
Add component (AddParameter): Name = "Value"; Value = "1.5uH"; VariantName = "[No Variations]"
Added Component: Designator=L4(FER 0805/2012)
Add component. Clean all parameters for all variants
Add component (AddParameter): Name = "Value"; Value = "1.5uH"; VariantName = "[No Variations]"
Added Component: Designator=L5(FER 0805/2012)
Add component. Clean all parameters for all variants
Add component (AddParameter): Name = "Value"; Value = "1.5uH"; VariantName = "[No Variations]"
Added Component: Designator=L6(FER 0805/2012)
Add component. Clean all parameters for all variants
Add component (AddParameter): Name = "Value"; Value = "1.5uH"; VariantName = "[No Variations]"
Added Component: Designator=LED1(SM-LED-0805-Blue)
Add component. Clean all parameters for all variants
Added Component: Designator=LED2(SM-LED-0805-Blue)
Add component. Clean all parameters for all variants
Added Component: Designator=LED3(SM-LED-0805-Blue)
Add component. Clean all parameters for all variants
Added Component: Designator=M1(CC1101 UART HC11)
Add component. Clean all parameters for all variants
Added Component: Designator=MU1(MPU6050)
Add component. Clean all parameters for all variants
Add component (AddParameter): Name = "ComponentLink1 Description"; Value = "Manufacturer"; VariantName = "[No Variations]"
Add component (AddParameter): Name = "ComponentLink1URL"; Value = "http://www.we-online.com"; VariantName = "[No Variations]"
Add component (AddParameter): Name = "ComponentLink2 Description"; Value = "Datasheet"; VariantName = "[No Variations]"
Add component (AddParameter): Name = "ComponentLink2URL"; Value = "http://katalog.we-online.de/em/datasheet/6130xx143121.pdf"; VariantName = "[No Variations]"
Add component (AddParameter): Name = "Created by"; Value = "Karrer Zheng"; VariantName = "[No Variations]"
Add component (AddParameter): Name = "Created Date"; Value = "29 March 2013"; VariantName = "[No Variations]"
Add component (AddParameter): Name = "Manufacturer"; Value = "W¨¹rth Elektronik eiSos GmbH"; VariantName = "[No Variations]"
Add component (AddParameter): Name = "NoPins"; Value = "04"; VariantName = "[No Variations]"
Add component (AddParameter): Name = "partNo"; Value = "613004143121"; VariantName = "[No Variations]"
Added Component: Designator=R1(RES-SMD-0805)
Add component. Clean all parameters for all variants
Added Component: Designator=R2(RES-SMD-0805)
Add component. Clean all parameters for all variants
Added Component: Designator=R3(RES-SMD-0805)
Add component. Clean all parameters for all variants
Added Component: Designator=R4(RES-SMD-0805)
Add component. Clean all parameters for all variants
Added Component: Designator=R5(RES-SMD-0805)
Add component. Clean all parameters for all variants
Added Component: Designator=R6(RES-SMD-0805)
Add component. Clean all parameters for all variants
Added Component: Designator=R7(RES-SMD-0805)
Add component. Clean all parameters for all variants
Added Component: Designator=R8(RES-SMD-0805)
Add component. Clean all parameters for all variants
Added Component: Designator=R9(RES-SMD-0805)
Add component. Clean all parameters for all variants
Added Component: Designator=R10(RES-SMD-0805)
Add component. Clean all parameters for all variants
Added Component: Designator=R11(RES-SMD-0805)
Add component. Clean all parameters for all variants
Added Component: Designator=R12(RES-SMD-0805)
Add component. Clean all parameters for all variants
Added Component: Designator=R13(RES-SMD-0805)
Add component. Clean all parameters for all variants
Added Component: Designator=R14(RES-SMD-0805)
Add component. Clean all parameters for all variants
Added Component: Designator=R15(RES-SMD-0805)
Add component. Clean all parameters for all variants
Added Component: Designator=R16(RES-SMD-0805)
Add component. Clean all parameters for all variants
Added Component: Designator=R17(RES-SMD-0805)
Add component. Clean all parameters for all variants
Added Component: Designator=R18(RES-SMD-0805)
Add component. Clean all parameters for all variants
Added Component: Designator=R19(RES-SMD-0805)
Add component. Clean all parameters for all variants
Added Component: Designator=R20(RES-SMD-0805)
Add component. Clean all parameters for all variants
Added Component: Designator=R21(RES-SMD-0805)
Add component. Clean all parameters for all variants
Added Component: Designator=R22(RES-SMD-0805)
Add component. Clean all parameters for all variants
Added Component: Designator=R23(RES-SMD-0805)
Add component. Clean all parameters for all variants
Added Component: Designator=R24(RES-SMD-0805)
Add component. Clean all parameters for all variants
Added Component: Designator=R25(RES-SMD-0805)
Add component. Clean all parameters for all variants
Added Component: Designator=R26(RES-SMD-0805)
Add component. Clean all parameters for all variants
Added Component: Designator=S1(BUTTON-SMD 2PIN)
Add component. Clean all parameters for all variants
Add component (AddParameter): Name = "LatestRevisionDate"; Value = "17-Jul-2002"; VariantName = "[No Variations]"
Add component (AddParameter): Name = "LatestRevisionNote"; Value = "Re-released for DXP Platform."; VariantName = "[No Variations]"
Add component (AddParameter): Name = "PackageReference"; Value = "SPST-2"; VariantName = "[No Variations]"
Add component (AddParameter): Name = "Published"; Value = "24-Mar-1999"; VariantName = "[No Variations]"
Add component (AddParameter): Name = "Publisher"; Value = "Altium Limited"; VariantName = "[No Variations]"
Added Component: Designator=SB1(SB)
Add component. Clean all parameters for all variants
Added Component: Designator=SB2(SB_3)
Add component. Clean all parameters for all variants
Added Component: Designator=SB3(SB_3)
Add component. Clean all parameters for all variants
Added Component: Designator=SB4(SB_3)
Add component. Clean all parameters for all variants
Added Component: Designator=SC1(SuperCapacitor)
Add component. Clean all parameters for all variants
Added Component: Designator=U1(STM-LQFP48_N)
Add component. Clean all parameters for all variants
Add component (AddParameter): Name = "A/D Converter"; Value = "2x12-bit (10 Channel)"; VariantName = "[No Variations]"
Add component (AddParameter): Name = "ComponentLink1Description"; Value = "Manufacturer URL"; VariantName = "[No Variations]"
Add component (AddParameter): Name = "ComponentLink1URL"; Value = "http://www.st.com/web/en/home.html"; VariantName = "[No Variations]"
Add component (AddParameter): Name = "ComponentLink2Description"; Value = "Datasheet"; VariantName = "[No Variations]"
Add component (AddParameter): Name = "ComponentLink2URL"; Value = "http://www.st.com/st-web-ui/static/active/en/resource/technical/document/datasheet/CD00161566.pdf"; VariantName = "[No Variations]"
Add component (AddParameter): Name = "ComponentLink3Description"; Value = "Package Specification"; VariantName = "[No Variations]"
Add component (AddParameter): Name = "ComponentLink3URL"; Value = "http://www.st.com/st-web-ui/static/active/en/resource/technical/document/datasheet/DM00058181.pdf"; VariantName = "[No Variations]"
Add component (AddParameter): Name = "Core"; Value = "ARM Cortex-M3"; VariantName = "[No Variations]"
Add component (AddParameter): Name = "DatasheetVersion"; Value = "Rev. 16"; VariantName = "[No Variations]"
Add component (AddParameter): Name = "FLASH Size (Prog) (kB)"; Value = "64"; VariantName = "[No Variations]"
Add component (AddParameter): Name = "I/Os (High Current)"; Value = "37"; VariantName = "[No Variations]"
Add component (AddParameter): Name = "Internal RAM Size (kB)"; Value = "20"; VariantName = "[No Variations]"
Add component (AddParameter): Name = "Mounting Technology"; Value = "Surface Mount"; VariantName = "[No Variations]"
Add component (AddParameter): Name = "Operating Frequency(F) (Processor speed) (MHz)"; Value = "72"; VariantName = "[No Variations]"
Add component (AddParameter): Name = "PackageDescription"; Value = "48-Pin Low Profile Quad Flat Package, 7 x 7 mm Body, 0.5 mm Pitch"; VariantName = "[No Variations]"
Add component (AddParameter): Name = "PackageReference"; Value = "LQFP48"; VariantName = "[No Variations]"
Add component (AddParameter): Name = "PackageVersion"; Value = "Rev. 6, 06/2013"; VariantName = "[No Variations]"
Add component (AddParameter): Name = "Packing"; Value = "Tape and Reel"; VariantName = "[No Variations]"
Add component (AddParameter): Name = "PartNumber"; Value = "STM32F103C8T6TR"; VariantName = "[No Variations]"
Add component (AddParameter): Name = "Supplier 1"; Value = "Digi-Key"; VariantName = "[No Variations]"
Add component (AddParameter): Name = "Supplier 2"; Value = "Mouser"; VariantName = "[No Variations]"
Add component (AddParameter): Name = "Supplier Part Number 1"; Value = "STM32F103C8T6TR-ND"; VariantName = "[No Variations]"
Add component (AddParameter): Name = "Supplier Part Number 2"; Value = "511-STM32F103C8T6TR"; VariantName = "[No Variations]"
Add component (AddParameter): Name = "Supply Voltage(Vcc) min (V)"; Value = "2"; VariantName = "[No Variations]"
Added Component: Designator=U2(SO-8N)
Add component. Clean all parameters for all variants
Added Component: Designator=X1(XT32k)
Add component. Clean all parameters for all variants
Add component (AddParameter): Name = "Value"; Value = "4Mhz"; VariantName = "[No Variations]"
Added Component: Designator=X2(XT2)
Add component. Clean all parameters for all variants
Add component (AddParameter): Name = "Value"; Value = "4Mhz"; VariantName = "[No Variations]"
Added Pin To Net: NetName=3V3 Pin=*1-2
Added Pin To Net: NetName=3V3 Pin=C5-2
Added Pin To Net: NetName=3V3 Pin=C7-1
Added Pin To Net: NetName=3V3 Pin=C9-1
Added Pin To Net: NetName=3V3 Pin=C14-2
Added Pin To Net: NetName=3V3 Pin=C15-2
Added Pin To Net: NetName=3V3 Pin=C16-2
Added Pin To Net: NetName=3V3 Pin=C22-1
Added Pin To Net: NetName=3V3 Pin=C29-1
Added Pin To Net: NetName=3V3 Pin=C30-1
Added Pin To Net: NetName=3V3 Pin=C31-1
Added Pin To Net: NetName=3V3 Pin=C32-1
Added Pin To Net: NetName=3V3 Pin=C33-1
Added Pin To Net: NetName=3V3 Pin=D3-2
Added Pin To Net: NetName=3V3 Pin=D4-2
Added Pin To Net: NetName=3V3 Pin=D13-1
Added Pin To Net: NetName=3V3 Pin=DZ1-2
Added Pin To Net: NetName=3V3 Pin=DZ2-2
Added Pin To Net: NetName=3V3 Pin=M1-1
Added Pin To Net: NetName=3V3 Pin=MU1-1
Added Pin To Net: NetName=3V3 Pin=R5-2
Added Pin To Net: NetName=3V3 Pin=R15-2
Added Pin To Net: NetName=3V3 Pin=R16-2
Added Pin To Net: NetName=3V3 Pin=R21-2
Added Pin To Net: NetName=3V3 Pin=R22-2
Added Pin To Net: NetName=3V3 Pin=R25-2
Added Pin To Net: NetName=3V3 Pin=SB1-2
Added Pin To Net: NetName=3V3 Pin=SB3-1
Added Pin To Net: NetName=3V3 Pin=U1-9
Added Pin To Net: NetName=3V3 Pin=U1-24
Added Pin To Net: NetName=3V3 Pin=U1-36
Added Pin To Net: NetName=3V3 Pin=U1-48
Added Pin To Net: NetName=3V3 Pin=U2-3
Added Pin To Net: NetName=3V3 Pin=U2-7
Added Pin To Net: NetName=3V3 Pin=U2-8
Added Net: Name=3V3
Added Pin To Net: NetName=4V Pin=*TP2-1
Added Pin To Net: NetName=4V Pin=C4-2
Added Pin To Net: NetName=4V Pin=C6-1
Added Pin To Net: NetName=4V Pin=C8-2
Added Pin To Net: NetName=4V Pin=D2-1
Added Pin To Net: NetName=4V Pin=L1-2
Added Pin To Net: NetName=4V Pin=R6-1
Added Pin To Net: NetName=4V Pin=R7-1
Added Pin To Net: NetName=4V Pin=R8-1
Added Net: Name=4V
Added Pin To Net: NetName=5V Pin=D1-1
Added Net: Name=5V
Added Pin To Net: NetName=ADC_POWER Pin=C13-2
Added Pin To Net: NetName=ADC_POWER Pin=DZ6-2
Added Pin To Net: NetName=ADC_POWER Pin=R14-2
Added Pin To Net: NetName=ADC_POWER Pin=R20-1
Added Pin To Net: NetName=ADC_POWER Pin=U1-17
Added Net: Name=ADC_POWER
Added Pin To Net: NetName=BOOT0 Pin=R24-2
Added Pin To Net: NetName=BOOT0 Pin=SB2-3
Added Pin To Net: NetName=BOOT0 Pin=SB4-2
Added Pin To Net: NetName=BOOT0 Pin=U1-44
Added Net: Name=BOOT0
Added Pin To Net: NetName=FLASH_CLK Pin=U1-39
Added Pin To Net: NetName=FLASH_CLK Pin=U2-6
Added Net: Name=FLASH_CLK
Added Pin To Net: NetName=FLASH_CS Pin=U1-19
Added Pin To Net: NetName=FLASH_CS Pin=U2-1
Added Net: Name=FLASH_CS
Added Pin To Net: NetName=FLASH_MISO Pin=U1-40
Added Pin To Net: NetName=FLASH_MISO Pin=U2-2
Added Net: Name=FLASH_MISO
Added Pin To Net: NetName=FLASH_MOSI Pin=U1-41
Added Pin To Net: NetName=FLASH_MOSI Pin=U2-5
Added Net: Name=FLASH_MOSI
Added Pin To Net: NetName=GND IN Pin=C17-8
Added Pin To Net: NetName=GND IN Pin=C17-9
Added Pin To Net: NetName=GND IN Pin=C18-1
Added Pin To Net: NetName=GND IN Pin=C19-1
Added Pin To Net: NetName=GND IN Pin=C20-1
Added Pin To Net: NetName=GND IN Pin=C21-2
Added Pin To Net: NetName=GND IN Pin=D8-4
Added Pin To Net: NetName=GND IN Pin=D10-4
Added Pin To Net: NetName=GND IN Pin=D12-4
Added Pin To Net: NetName=GND IN Pin=L6-2
Added Net: Name=GND IN
Added Pin To Net: NetName=GND Pin=B1-4
Added Pin To Net: NetName=GND Pin=C1-2
Added Pin To Net: NetName=GND Pin=C3-2
Added Pin To Net: NetName=GND Pin=C4-1
Added Pin To Net: NetName=GND Pin=C5-1
Added Pin To Net: NetName=GND Pin=C6-2
Added Pin To Net: NetName=GND Pin=C7-2
Added Pin To Net: NetName=GND Pin=C9-3
Added Pin To Net: NetName=GND Pin=C10-1
Added Pin To Net: NetName=GND Pin=C11-1
Added Pin To Net: NetName=GND Pin=C12-1
Added Pin To Net: NetName=GND Pin=C13-1
Added Pin To Net: NetName=GND Pin=C14-1
Added Pin To Net: NetName=GND Pin=C15-1
Added Pin To Net: NetName=GND Pin=C16-1
Added Pin To Net: NetName=GND Pin=C22-2
Added Pin To Net: NetName=GND Pin=C23-2
Added Pin To Net: NetName=GND Pin=C24-2
Added Pin To Net: NetName=GND Pin=C25-2
Added Pin To Net: NetName=GND Pin=C26-2
Added Pin To Net: NetName=GND Pin=C27-2
Added Pin To Net: NetName=GND Pin=C28-1
Added Pin To Net: NetName=GND Pin=C29-2
Added Pin To Net: NetName=GND Pin=C30-2
Added Pin To Net: NetName=GND Pin=C31-2
Added Pin To Net: NetName=GND Pin=C32-2
Added Pin To Net: NetName=GND Pin=C33-2
Added Pin To Net: NetName=GND Pin=DZ1-1
Added Pin To Net: NetName=GND Pin=DZ2-1
Added Pin To Net: NetName=GND Pin=DZ3-1
Added Pin To Net: NetName=GND Pin=DZ4-1
Added Pin To Net: NetName=GND Pin=DZ5-1
Added Pin To Net: NetName=GND Pin=DZ6-1
Added Pin To Net: NetName=GND Pin=L6-1
Added Pin To Net: NetName=GND Pin=LED1-2
Added Pin To Net: NetName=GND Pin=M1-2
Added Pin To Net: NetName=GND Pin=M1-2
Added Pin To Net: NetName=GND Pin=M1-2
Added Pin To Net: NetName=GND Pin=MU1-2
Added Pin To Net: NetName=GND Pin=MU1-2
Added Pin To Net: NetName=GND Pin=MU1-2
Added Pin To Net: NetName=GND Pin=R1-2
Added Pin To Net: NetName=GND Pin=R10-2
Added Pin To Net: NetName=GND Pin=R17-2
Added Pin To Net: NetName=GND Pin=R18-2
Added Pin To Net: NetName=GND Pin=R19-2
Added Pin To Net: NetName=GND Pin=R20-2
Added Pin To Net: NetName=GND Pin=R23-2
Added Pin To Net: NetName=GND Pin=R24-1
Added Pin To Net: NetName=GND Pin=S1-1
Added Pin To Net: NetName=GND Pin=SB3-3
Added Pin To Net: NetName=GND Pin=SB4-3
Added Pin To Net: NetName=GND Pin=SC1-2
Added Pin To Net: NetName=GND Pin=U1-8
Added Pin To Net: NetName=GND Pin=U1-23
Added Pin To Net: NetName=GND Pin=U1-35
Added Pin To Net: NetName=GND Pin=U1-47
Added Pin To Net: NetName=GND Pin=U2-4
Added Net: Name=GND
Added Pin To Net: NetName=GREEN Pin=D6-1
Added Pin To Net: NetName=GREEN Pin=L3-2
Added Pin To Net: NetName=GREEN Pin=R13-1
Added Net: Name=GREEN
Added Pin To Net: NetName=Net*1_1 Pin=*1-1
Added Pin To Net: NetName=Net*1_1 Pin=*1-3
Added Pin To Net: NetName=Net*1_1 Pin=*2-2
Added Pin To Net: NetName=Net*1_1 Pin=D4-1
Added Pin To Net: NetName=Net*1_1 Pin=D5-2
Added Pin To Net: NetName=Net*1_1 Pin=SC1-1
Added Net: Name=Net*1_1
Added Pin To Net: NetName=Net*2_1 Pin=*2-1
Added Pin To Net: NetName=Net*2_1 Pin=*2-3
Added Pin To Net: NetName=Net*2_1 Pin=D5-1
Added Pin To Net: NetName=Net*2_1 Pin=R6-2
Added Pin To Net: NetName=Net*2_1 Pin=R7-2
Added Net: Name=Net*2_1
Added Pin To Net: NetName=Net*3_1 Pin=*3-1
Added Pin To Net: NetName=Net*3_1 Pin=M1-6
Added Pin To Net: NetName=Net*3_1 Pin=M1-6
Added Net: Name=Net*3_1
Added Pin To Net: NetName=NetB1_1 Pin=B1-1
Added Pin To Net: NetName=NetB1_1 Pin=R1-1
Added Pin To Net: NetName=NetB1_1 Pin=R2-2
Added Net: Name=NetB1_1
Added Pin To Net: NetName=NetB1_3 Pin=B1-3
Added Pin To Net: NetName=NetB1_3 Pin=C2-1
Added Pin To Net: NetName=NetB1_3 Pin=L1-1
Added Net: Name=NetB1_3
Added Pin To Net: NetName=NetB1_5 Pin=B1-5
Added Pin To Net: NetName=NetB1_5 Pin=R3-2
Added Net: Name=NetB1_5
Added Pin To Net: NetName=NetB1_6 Pin=B1-6
Added Pin To Net: NetName=NetB1_6 Pin=R4-2
Added Net: Name=NetB1_6
Added Pin To Net: NetName=NetB1_7 Pin=B1-7
Added Pin To Net: NetName=NetB1_7 Pin=C1-1
Added Pin To Net: NetName=NetB1_7 Pin=R2-1
Added Net: Name=NetB1_7
Added Pin To Net: NetName=NetB1_8 Pin=B1-8
Added Pin To Net: NetName=NetB1_8 Pin=R9-1
Added Net: Name=NetB1_8
Added Pin To Net: NetName=NetC2_2 Pin=C2-2
Added Pin To Net: NetName=NetC2_2 Pin=R3-1
Added Net: Name=NetC2_2
Added Pin To Net: NetName=NetC8_1 Pin=C8-1
Added Pin To Net: NetName=NetC8_1 Pin=R8-2
Added Pin To Net: NetName=NetC8_1 Pin=R9-2
Added Pin To Net: NetName=NetC8_1 Pin=R10-1
Added Net: Name=NetC8_1
Added Pin To Net: NetName=NetC17_1 Pin=C17-1
Added Pin To Net: NetName=NetC17_1 Pin=C17-16
Added Pin To Net: NetName=NetC17_1 Pin=D8-2
Added Net: Name=NetC17_1
Added Pin To Net: NetName=NetC17_2 Pin=C17-2
Added Pin To Net: NetName=NetC17_2 Pin=C17-15
Added Pin To Net: NetName=NetC17_2 Pin=D8-3
Added Net: Name=NetC17_2
Added Pin To Net: NetName=NetC17_3 Pin=C17-3
Added Pin To Net: NetName=NetC17_3 Pin=C17-14
Added Pin To Net: NetName=NetC17_3 Pin=D10-2
Added Net: Name=NetC17_3
Added Pin To Net: NetName=NetC17_4 Pin=C17-4
Added Pin To Net: NetName=NetC17_4 Pin=C17-13
Added Pin To Net: NetName=NetC17_4 Pin=D10-3
Added Net: Name=NetC17_4
Added Pin To Net: NetName=NetC17_5 Pin=C17-5
Added Pin To Net: NetName=NetC17_5 Pin=C17-12
Added Pin To Net: NetName=NetC17_5 Pin=D12-2
Added Net: Name=NetC17_5
Added Pin To Net: NetName=NetC17_6 Pin=C17-6
Added Pin To Net: NetName=NetC17_6 Pin=C17-11
Added Pin To Net: NetName=NetC17_6 Pin=D12-3
Added Net: Name=NetC17_6
Added Pin To Net: NetName=NetC18_2 Pin=C18-2
Added Pin To Net: NetName=NetC18_2 Pin=D8-1
Added Pin To Net: NetName=NetC18_2 Pin=L3-1
Added Net: Name=NetC18_2
Added Pin To Net: NetName=NetC19_2 Pin=C19-2
Added Pin To Net: NetName=NetC19_2 Pin=D10-1
Added Pin To Net: NetName=NetC19_2 Pin=L4-1
Added Net: Name=NetC19_2
Added Pin To Net: NetName=NetC20_2 Pin=C20-2
Added Pin To Net: NetName=NetC20_2 Pin=D12-1
Added Pin To Net: NetName=NetC20_2 Pin=L5-1
Added Net: Name=NetC20_2
Added Pin To Net: NetName=NetC21_1 Pin=C21-1
Added Pin To Net: NetName=NetC21_1 Pin=D6-2
Added Pin To Net: NetName=NetC21_1 Pin=D7-2
Added Pin To Net: NetName=NetC21_1 Pin=D9-2
Added Pin To Net: NetName=NetC21_1 Pin=D11-2
Added Pin To Net: NetName=NetC21_1 Pin=L2-1
Added Net: Name=NetC21_1
Added Pin To Net: NetName=NetC22_3 Pin=C22-3
Added Pin To Net: NetName=NetC22_3 Pin=U1-34
Added Net: Name=NetC22_3
Added Pin To Net: NetName=NetC22_4 Pin=C22-4
Added Pin To Net: NetName=NetC22_4 Pin=U1-37
Added Net: Name=NetC22_4
Added Pin To Net: NetName=NetC23_1 Pin=C23-1
Added Pin To Net: NetName=NetC23_1 Pin=U1-3
Added Pin To Net: NetName=NetC23_1 Pin=X1-2
Added Net: Name=NetC23_1
Added Pin To Net: NetName=NetC24_1 Pin=C24-1
Added Pin To Net: NetName=NetC24_1 Pin=U1-4
Added Pin To Net: NetName=NetC24_1 Pin=X1-1
Added Net: Name=NetC24_1
Added Pin To Net: NetName=NetC25_1 Pin=C25-1
Added Pin To Net: NetName=NetC25_1 Pin=R26-2
Added Pin To Net: NetName=NetC25_1 Pin=U1-5
Added Pin To Net: NetName=NetC25_1 Pin=X2-2
Added Net: Name=NetC25_1
Added Pin To Net: NetName=NetC27_1 Pin=C27-1
Added Pin To Net: NetName=NetC27_1 Pin=R26-1
Added Pin To Net: NetName=NetC27_1 Pin=U1-6
Added Pin To Net: NetName=NetC27_1 Pin=X2-1
Added Net: Name=NetC27_1
Added Pin To Net: NetName=NetC28_2 Pin=C28-2
Added Pin To Net: NetName=NetC28_2 Pin=D13-2
Added Pin To Net: NetName=NetC28_2 Pin=U1-1
Added Net: Name=NetC28_2
Added Pin To Net: NetName=NetD2_2 Pin=D2-2
Added Pin To Net: NetName=NetD2_2 Pin=D3-1
Added Pin To Net: NetName=NetD2_2 Pin=SB1-1
Added Net: Name=NetD2_2
Added Pin To Net: NetName=NetLED1_1 Pin=LED1-1
Added Pin To Net: NetName=NetLED1_1 Pin=R5-1
Added Net: Name=NetLED1_1
Added Pin To Net: NetName=NetLED2_1 Pin=LED2-1
Added Pin To Net: NetName=NetLED2_1 Pin=R21-1
Added Net: Name=NetLED2_1
Added Pin To Net: NetName=NetLED2_2 Pin=LED2-2
Added Pin To Net: NetName=NetLED2_2 Pin=U1-10
Added Net: Name=NetLED2_2
Added Pin To Net: NetName=NetLED3_1 Pin=LED3-1
Added Pin To Net: NetName=NetLED3_1 Pin=U1-25
Added Net: Name=NetLED3_1
Added Pin To Net: NetName=NetLED3_2 Pin=LED3-2
Added Pin To Net: NetName=NetLED3_2 Pin=R23-1
Added Net: Name=NetLED3_2
Added Pin To Net: NetName=NetM1_5 Pin=M1-5
Added Pin To Net: NetName=NetM1_5 Pin=SB2-2
Added Net: Name=NetM1_5
Added Pin To Net: NetName=NetR22_1 Pin=R22-1
Added Pin To Net: NetName=NetR22_1 Pin=U1-29
Added Net: Name=NetR22_1
Added Pin To Net: NetName=NetSB3_2 Pin=SB3-2
Added Pin To Net: NetName=NetSB3_2 Pin=U1-20
Added Net: Name=NetSB3_2
Added Pin To Net: NetName=NRST Pin=C26-1
Added Pin To Net: NetName=NRST Pin=R25-1
Added Pin To Net: NetName=NRST Pin=S1-2
Added Pin To Net: NetName=NRST Pin=SB2-1
Added Pin To Net: NetName=NRST Pin=U1-7
Added Net: Name=NRST
Added Pin To Net: NetName=ORANGE Pin=D9-1
Added Pin To Net: NetName=ORANGE Pin=L4-2
Added Pin To Net: NetName=ORANGE Pin=R12-1
Added Net: Name=ORANGE
Added Pin To Net: NetName=RED Pin=D11-1
Added Pin To Net: NetName=RED Pin=L5-2
Added Pin To Net: NetName=RED Pin=R11-1
Added Net: Name=RED
Added Pin To Net: NetName=RF_RX Pin=M1-3
Added Pin To Net: NetName=RF_RX Pin=U1-30
Added Net: Name=RF_RX
Added Pin To Net: NetName=RF_TX Pin=M1-4
Added Pin To Net: NetName=RF_TX Pin=U1-31
Added Net: Name=RF_TX
Added Pin To Net: NetName=SCL Pin=C9-4
Added Pin To Net: NetName=SCL Pin=MU1-3
Added Pin To Net: NetName=SCL Pin=R15-1
Added Pin To Net: NetName=SCL Pin=U1-42
Added Net: Name=SCL
Added Pin To Net: NetName=SDA Pin=C9-2
Added Pin To Net: NetName=SDA Pin=MU1-4
Added Pin To Net: NetName=SDA Pin=R16-1
Added Pin To Net: NetName=SDA Pin=U1-43
Added Net: Name=SDA
Added Pin To Net: NetName=STATUS_GREEN Pin=C12-2
Added Pin To Net: NetName=STATUS_GREEN Pin=DZ5-2
Added Pin To Net: NetName=STATUS_GREEN Pin=R13-2
Added Pin To Net: NetName=STATUS_GREEN Pin=R19-1
Added Pin To Net: NetName=STATUS_GREEN Pin=U1-15
Added Net: Name=STATUS_GREEN
Added Pin To Net: NetName=STATUS_ORANGE Pin=C11-2
Added Pin To Net: NetName=STATUS_ORANGE Pin=DZ4-2
Added Pin To Net: NetName=STATUS_ORANGE Pin=R12-2
Added Pin To Net: NetName=STATUS_ORANGE Pin=R18-1
Added Pin To Net: NetName=STATUS_ORANGE Pin=U1-16
Added Net: Name=STATUS_ORANGE
Added Pin To Net: NetName=STATUS_RED Pin=C10-2
Added Pin To Net: NetName=STATUS_RED Pin=DZ3-2
Added Pin To Net: NetName=STATUS_RED Pin=R11-2
Added Pin To Net: NetName=STATUS_RED Pin=R17-1
Added Pin To Net: NetName=STATUS_RED Pin=U1-14
Added Net: Name=STATUS_RED
Added Pin To Net: NetName=V_BUCK Pin=*TP1-1
Added Pin To Net: NetName=V_BUCK Pin=B1-2
Added Pin To Net: NetName=V_BUCK Pin=C3-1
Added Pin To Net: NetName=V_BUCK Pin=D1-2
Added Pin To Net: NetName=V_BUCK Pin=L2-2
Added Pin To Net: NetName=V_BUCK Pin=R4-1
Added Pin To Net: NetName=V_BUCK Pin=R14-1
Added Net: Name=V_BUCK
Added Pin To Net: NetName=VCC IN Pin=C17-7
Added Pin To Net: NetName=VCC IN Pin=C17-10
Added Pin To Net: NetName=VCC IN Pin=D7-1
Added Net: Name=VCC IN
Added Class: Name=NodeSTM32
Added Room: Name=NodeSTM32
