Removed Pin From Net: NetName=GND IN Pin=D9-4
Removed Pin From Net: NetName=GND IN Pin=D11-4
Removed Pin From Net: NetName=GND IN Pin=D13-4
Removed Member From Class: ClassName=NodeSTM32 Member=D9
Removed Member From Class: ClassName=NodeSTM32 Member=D11
Removed Member From Class: ClassName=NodeSTM32 Member=D13
Added Component: Designator=*(Diode Bridge 1A)
Add component. Clean all parameters for all variants
Added Component: Designator=*(Diode Bridge 1A)
Add component. Clean all parameters for all variants
Added Component: Designator=*(Diode Bridge 1A)
Add component. Clean all parameters for all variants
Added Pin To Net: NetName=GND IN Pin=*-2
Added Pin To Net: NetName=GND IN Pin=*-2
Added Pin To Net: NetName=GND IN Pin=*-2
Added Pin To Net: NetName=Net*_1 Pin=*-1
Added Pin To Net: NetName=Net*_1 Pin=C20-2
Added Pin To Net: NetName=Net*_1 Pin=L5-1
Added Net: Name=Net*_1
Added Pin To Net: NetName=Net*_3 Pin=*-3
Added Pin To Net: NetName=Net*_3 Pin=C17-4
Added Pin To Net: NetName=Net*_3 Pin=C17-13
Added Net: Name=Net*_3
Added Pin To Net: NetName=Net*_4 Pin=*-4
Added Pin To Net: NetName=Net*_4 Pin=C17-3
Added Pin To Net: NetName=Net*_4 Pin=C17-14
Added Net: Name=Net*_4
Added Member To Class: ClassName=NodeSTM32 Member=Component * Diode Bridge
Added Member To Class: ClassName=NodeSTM32 Member=Component * Diode Bridge
Added Member To Class: ClassName=NodeSTM32 Member=Component * AO3400
Added Member To Class: ClassName=NodeSTM32 Member=Component D7 Diode
Added Member To Class: ClassName=NodeSTM32 Member=Component R24 470R
Added Room: Name=NodeSTM32
